<?xml version="1.0" encoding="UTF-8"?>
<!-- Generated by org.testng.reporters.JUnitReportReporter -->
<testsuite hostname="ETC1804064" failures="0" tests="3" name="TestRunner.TestRunner2" time="54.103" errors="0" timestamp="2022-07-21T20:49:45 IST" skipped="0">
  <testcase classname="TestRunner.TestRunner2" name="runScenario" time="21.857"/>
  <system-out/>
  <testcase classname="TestRunner.TestRunner2" name="runScenario" time="15.060"/>
  <system-out/>
  <testcase classname="TestRunner.TestRunner2" name="runScenario" time="17.186"/>
  <system-out/>
</testsuite> <!-- TestRunner.TestRunner2 -->
