<?xml version="1.0" encoding="UTF-8"?>
<!-- Generated by org.testng.reporters.JUnitReportReporter -->
<testsuite hostname="ETC1804064" failures="0" tests="3" name="TestRunner.TestRunnerClass" time="56.176" errors="0" timestamp="2022-07-21T21:45:50 IST" skipped="0">
  <testcase classname="TestRunner.TestRunnerClass" name="runScenario" time="17.356"/>
  <system-out/>
  <testcase classname="TestRunner.TestRunnerClass" name="runScenario" time="18.375"/>
  <system-out/>
  <testcase classname="TestRunner.TestRunnerClass" name="runScenario" time="20.445"/>
  <system-out/>
</testsuite> <!-- TestRunner.TestRunnerClass -->
