<?xml version="1.0" encoding="UTF-8"?>
<!-- Generated by org.testng.reporters.JUnitReportReporter -->
<testsuite hostname="ETC1804064" failures="0" tests="3" name="TestRunner.TestRunnerClass" time="63.083" errors="0" timestamp="2022-07-27T14:42:40 IST" skipped="0">
  <testcase classname="TestRunner.TestRunnerClass" name="runScenario" time="18.894"/>
  <system-out/>
  <testcase classname="TestRunner.TestRunnerClass" name="runScenario" time="24.899"/>
  <system-out/>
  <testcase classname="TestRunner.TestRunnerClass" name="runScenario" time="19.290"/>
  <system-out/>
</testsuite> <!-- TestRunner.TestRunnerClass -->
