<?xml version="1.0" encoding="UTF-8"?>
<!-- Generated by org.testng.reporters.JUnitReportReporter -->
<testsuite hostname="ETC1804064" failures="0" tests="3" name="TestRunner.TestRunner2" time="60.972" errors="0" timestamp="2022-07-27T14:42:40 IST" skipped="0">
  <testcase classname="TestRunner.TestRunner2" name="runScenario" time="19.765"/>
  <system-out/>
  <testcase classname="TestRunner.TestRunner2" name="runScenario" time="22.020"/>
  <system-out/>
  <testcase classname="TestRunner.TestRunner2" name="runScenario" time="19.187"/>
  <system-out/>
</testsuite> <!-- TestRunner.TestRunner2 -->
